{"numFailedTestSuites":1,"numFailedTests":1,"numPassedTestSuites":0,"numPassedTests":4,"numPendingTestSuites":0,"numPendingTests":0,"numRuntimeErrorTestSuites":0,"numTodoTests":0,"numTotalTestSuites":1,"numTotalTests":5,"openHandles":[],"snapshot":{"added":0,"didUpdate":false,"failure":false,"filesAdded":0,"filesRemoved":0,"filesRemovedList":[],"filesUnmatched":0,"filesUpdated":0,"matched":0,"total":0,"unchecked":0,"uncheckedKeysByFile":[],"unmatched":0,"updated":0},"startTime":1766931068639,"success":false,"testResults":[{"assertionResults":[{"ancestorTitles":["FileService"],"duration":13,"failing":false,"failureDetails":[],"failureMessages":[],"fullName":"FileService should be defined","invocations":1,"location":null,"numPassingAsserts":1,"retryReasons":[],"startAt":1766931070089,"status":"passed","title":"should be defined"},{"ancestorTitles":["FileService","generateUploadUrl"],"duration":5,"failing":false,"failureDetails":[],"failureMessages":[],"fullName":"FileService generateUploadUrl should generate a presigned upload URL and create a record","invocations":1,"location":null,"numPassingAsserts":3,"retryReasons":[],"startAt":1766931070103,"status":"passed","title":"should generate a presigned upload URL and create a record"},{"ancestorTitles":["FileService","generateUploadUrl"],"duration":4,"failing":false,"failureDetails":[{"message":"\u001b[2mexpect(\u001b[22m\u001b[31mreceived\u001b[39m\u001b[2m).\u001b[22mrejects\u001b[2m.\u001b[22mtoThrow\u001b[2m()\u001b[22m\n\nReceived promise resolved instead of rejected\nResolved to value: \u001b[31m{\"contentType\": \"application/pdf\", \"expiresIn\": 3600, \"fieldKey\": \"\", \"fileId\": \"6f36aef2-e502-44e6-a18b-05de520b7738\", \"fileKey\": \"tenants/t1/uploads/u1/general/6f36aef2-e502-44e6-a18b-05de520b7738.pdf\", \"fileName\": \"invalid/file.pdf\", \"uploadUrl\": \"http://mock-upload-url\"}\u001b[39m"}],"failureMessages":["Error: \u001b[2mexpect(\u001b[22m\u001b[31mreceived\u001b[39m\u001b[2m).\u001b[22mrejects\u001b[2m.\u001b[22mtoThrow\u001b[2m()\u001b[22m\n\nReceived promise resolved instead of rejected\nResolved to value: \u001b[31m{\"contentType\": \"application/pdf\", \"expiresIn\": 3600, \"fieldKey\": \"\", \"fileId\": \"6f36aef2-e502-44e6-a18b-05de520b7738\", \"fileKey\": \"tenants/t1/uploads/u1/general/6f36aef2-e502-44e6-a18b-05de520b7738.pdf\", \"fileName\": \"invalid/file.pdf\", \"uploadUrl\": \"http://mock-upload-url\"}\u001b[39m\n    at expect (D:\\duanruo-exam-system2\\server\\node_modules\\expect\\build\\index.js:2116:15)\n    at Object.<anonymous> (D:\\duanruo-exam-system2\\server\\src\\file\\file.service.spec.ts:81:19)\n    at Promise.finally.completed (D:\\duanruo-exam-system2\\server\\node_modules\\jest-circus\\build\\jestAdapterInit.js:1557:28)\n    at new Promise (<anonymous>)\n    at callAsyncCircusFn (D:\\duanruo-exam-system2\\server\\node_modules\\jest-circus\\build\\jestAdapterInit.js:1497:10)\n    at _callCircusTest (D:\\duanruo-exam-system2\\server\\node_modules\\jest-circus\\build\\jestAdapterInit.js:1007:40)\n    at _runTest (D:\\duanruo-exam-system2\\server\\node_modules\\jest-circus\\build\\jestAdapterInit.js:947:3)\n    at D:\\duanruo-exam-system2\\server\\node_modules\\jest-circus\\build\\jestAdapterInit.js:849:7\n    at _runTestsForDescribeBlock (D:\\duanruo-exam-system2\\server\\node_modules\\jest-circus\\build\\jestAdapterInit.js:862:11)\n    at _runTestsForDescribeBlock (D:\\duanruo-exam-system2\\server\\node_modules\\jest-circus\\build\\jestAdapterInit.js:857:11)\n    at _runTestsForDescribeBlock (D:\\duanruo-exam-system2\\server\\node_modules\\jest-circus\\build\\jestAdapterInit.js:857:11)\n    at run (D:\\duanruo-exam-system2\\server\\node_modules\\jest-circus\\build\\jestAdapterInit.js:761:3)\n    at runAndTransformResultsToJestFormat (D:\\duanruo-exam-system2\\server\\node_modules\\jest-circus\\build\\jestAdapterInit.js:1918:21)\n    at jestAdapter (D:\\duanruo-exam-system2\\server\\node_modules\\jest-circus\\build\\runner.js:101:19)\n    at runTestInternal (D:\\duanruo-exam-system2\\server\\node_modules\\jest-runner\\build\\index.js:275:16)\n    at runTest (D:\\duanruo-exam-system2\\server\\node_modules\\jest-runner\\build\\index.js:343:7)"],"fullName":"FileService generateUploadUrl should throw BadRequestException for invalid file name","invocations":1,"location":null,"numPassingAsserts":0,"retryReasons":[],"startAt":1766931070109,"status":"failed","title":"should throw BadRequestException for invalid file name"},{"ancestorTitles":["FileService","confirmUpload"],"duration":4,"failing":false,"failureDetails":[],"failureMessages":[],"fullName":"FileService confirmUpload should update status to UPLOADED if validation passes","invocations":1,"location":null,"numPassingAsserts":1,"retryReasons":[],"startAt":1766931070122,"status":"passed","title":"should update status to UPLOADED if validation passes"},{"ancestorTitles":["FileService","confirmUpload"],"duration":11,"failing":false,"failureDetails":[],"failureMessages":[],"fullName":"FileService confirmUpload should throw error if file belongs to another tenant","invocations":1,"location":null,"numPassingAsserts":1,"retryReasons":[],"startAt":1766931070127,"status":"passed","title":"should throw error if file belongs to another tenant"}],"endTime":1766931070153,"message":"\u001b[1m\u001b[31m  \u001b[1m● \u001b[22m\u001b[1mFileService › generateUploadUrl › should throw BadRequestException for invalid file name\u001b[39m\u001b[22m\n\n    \u001b[2mexpect(\u001b[22m\u001b[31mreceived\u001b[39m\u001b[2m).\u001b[22mrejects\u001b[2m.\u001b[22mtoThrow\u001b[2m()\u001b[22m\n\n    Received promise resolved instead of rejected\n    Resolved to value: \u001b[31m{\"contentType\": \"application/pdf\", \"expiresIn\": 3600, \"fieldKey\": \"\", \"fileId\": \"6f36aef2-e502-44e6-a18b-05de520b7738\", \"fileKey\": \"tenants/t1/uploads/u1/general/6f36aef2-e502-44e6-a18b-05de520b7738.pdf\", \"fileName\": \"invalid/file.pdf\", \"uploadUrl\": \"http://mock-upload-url\"}\u001b[39m\n\u001b[2m\u001b[22m\n\u001b[2m    \u001b[0m \u001b[90m 79 |\u001b[39m         it(\u001b[32m'should throw BadRequestException for invalid file name'\u001b[39m\u001b[33m,\u001b[39m \u001b[36masync\u001b[39m () \u001b[33m=>\u001b[39m {\u001b[22m\n\u001b[2m     \u001b[90m 80 |\u001b[39m             \u001b[36mconst\u001b[39m req \u001b[33m=\u001b[39m { fileName\u001b[33m:\u001b[39m \u001b[32m'invalid/file.pdf'\u001b[39m\u001b[33m,\u001b[39m contentType\u001b[33m:\u001b[39m \u001b[32m'application/pdf'\u001b[39m }\u001b[33m;\u001b[39m\u001b[22m\n\u001b[2m    \u001b[31m\u001b[1m>\u001b[22m\u001b[2m\u001b[39m\u001b[90m 81 |\u001b[39m             \u001b[36mawait\u001b[39m expect(service\u001b[33m.\u001b[39mgenerateUploadUrl(\u001b[32m't1'\u001b[39m\u001b[33m,\u001b[39m \u001b[32m'u1'\u001b[39m\u001b[33m,\u001b[39m req))\u001b[33m.\u001b[39mrejects\u001b[33m.\u001b[39mtoThrow(\u001b[33mBadRequestException\u001b[39m)\u001b[33m;\u001b[39m\u001b[22m\n\u001b[2m     \u001b[90m    |\u001b[39m                   \u001b[31m\u001b[1m^\u001b[22m\u001b[2m\u001b[39m\u001b[22m\n\u001b[2m     \u001b[90m 82 |\u001b[39m         })\u001b[33m;\u001b[39m\u001b[22m\n\u001b[2m     \u001b[90m 83 |\u001b[39m     })\u001b[33m;\u001b[39m\u001b[22m\n\u001b[2m     \u001b[90m 84 |\u001b[39m\u001b[0m\u001b[22m\n\u001b[2m\u001b[22m\n\u001b[2m      \u001b[2mat expect (\u001b[22m\u001b[2m../node_modules/expect/build/index.js\u001b[2m:2116:15)\u001b[22m\u001b[2m\u001b[22m\n\u001b[2m      \u001b[2mat Object.<anonymous> (\u001b[22m\u001b[2m\u001b[0m\u001b[36mfile/file.service.spec.ts\u001b[39m\u001b[0m\u001b[2m:81:19)\u001b[22m\u001b[2m\u001b[22m\n","name":"D:\\duanruo-exam-system2\\server\\src\\file\\file.service.spec.ts","startTime":1766931068938,"status":"failed","summary":""}],"wasInterrupted":false}
